<?xml version="1.0" encoding="UTF-8"?>
<!-- Generated by org.testng.reporters.JUnitReportReporter -->
<testsuite skipped="0" hostname="DESKTOP-N308L1J" name="test.NewDepositTest" tests="1" failures="0" timestamp="11 Jul 2020 18:32:08 GMT" time="17.083" errors="0">
  <testcase name="validUserShouldBeAbleToAddNewDeposit" time="17.083" classname="test.NewDepositTest"/>
</testsuite> <!-- test.NewDepositTest -->
